<html>
<head>
<title>TestNG: Automation Test Report</title>
<link href="../testng.css" rel="stylesheet" type="text/css" />
<link href="../my-testng.css" rel="stylesheet" type="text/css" />

<style type="text/css">
.log {
	display: none;
}

.stack-trace {
	display: none;
}
</style>
<script type="text/javascript">
<!--
function flip(e) {
  current = e.style.display;
  if (current == 'block') {
    e.style.display = 'none';
    return 0;
  }
  else {
    e.style.display = 'block';
    return 1;
  }
}

function toggleBox(szDivId, elem, msg1, msg2)
{
  var res = -1;  if (document.getElementById) {
    res = flip(document.getElementById(szDivId));
  }
  else if (document.all) {
    // this is the way old msie versions work
    res = flip(document.all[szDivId]);
  }
  if(elem) {
    if(res == 0) elem.innerHTML = msg1; else elem.innerHTML = msg2;
  }

}

function toggleAllBoxes() {
  if (document.getElementsByTagName) {
    d = document.getElementsByTagName('div');
    for (i = 0; i < d.length; i++) {
      if (d[i].className == 'log') {
        flip(d[i]);
      }
    }
  }
}

// -->
</script>

</head>
<body>
	<h2 align='center'>Automation Test Report</h2>
	<table border='1' align="center">
		<tr>
			<td>Tests passed/Failed/Skipped:</td>
			<td>0/1/0</td>
		</tr>
		<tr>
			<td>Started on:</td>
			<td>Fri Jul 05 14:49:53 IST 2019</td>
		</tr>
		<tr>
			<td>Total time:</td>
			<td>50 seconds (50242 ms)</td>
		</tr>
		<tr>
			<td>Included groups:</td>
			<td></td>
		</tr>
		<tr>
			<td>Excluded groups:</td>
			<td></td>
		</tr>
	</table>
	<p />
	<small><i>(Hover the method name to see the test class
			name)</i></small>
	<p />
	<table width='100%' border='1' class='invocation-failed'>
		<tr>
			<td colspan='4' align='center'><b>FAILED TESTS</b></td>
		</tr>
		<tr>
			<td><b>Test method</b></td>
			<td width="30%"><b>Exception</b></td>
			<td width="10%"><b>Time (seconds)</b></td>
			<td><b>Instance</b></td>
		</tr>
		<tr>
			<td title='com.testautomation.testrunner.TestRunner.feature()'><b>feature</b><br>Test
				class: com.testautomation.testrunner.TestRunner<br>Parameters:
				"Verify Completion Date and Log Description", "EDDI Application Flow
				Check"</td>
			<td><div>
					<pre>org.openqa.selenium.NoSuchSessionException: Session ID is null. Using WebDriver after calling quit()?
Build info: version: &apos;3.141.59&apos;, revision: &apos;e82be7d358&apos;, time: &apos;2018-11-14T08:17:03&apos;
System info: host: &apos;DESKTOP-FDOBOJL&apos;, ip: &apos;9.195.200.174&apos;, os.name: &apos;Windows 10&apos;, os.arch: &apos;amd64&apos;, os.version: &apos;10.0&apos;, java.version: &apos;1.8.0_201&apos;
Driver info: driver.version: RemoteWebDriver
	at org.openqa.selenium.remote.HttpCommandExecutor.execute(HttpCommandExecutor.java:125)
	at org.openqa.selenium.remote.service.DriverCommandExecutor.execute(DriverCommandExecutor.java:83)
	at org.openqa.selenium.remote.RemoteWebDriver.execute(RemoteWebDriver.java:552)
	at org.openqa.selenium.remote.RemoteWebDriver.execute(RemoteWebDriver.java:609)
	at org.openqa.selenium.remote.RemoteWebDriver.getScreenshotAs(RemoteWebDriver.java:295)
	at com.testautomation.listener.ExtentReportListener.captureScreenShot(ExtentReportListener.java:73)
	at com.testautomation.listener.ExtentReportListener.testStepHandle(ExtentReportListener.java:49)
	at com.testautomation.stepdef.EDDIApplicationStepDef.verifyLogDescription(EDDIApplicationStepDef.java:149)
	at ?.Verify Log Description(./Feature/EDDIApplication.feature:9)
</pre>
				</div>
				<a href='#'
				onClick='toggleBox("stack-trace1264701638", this, "Click to show all stack frames", "Click to hide stack frames")'>Click
					to show all stack frames</a>
				<div class='stack-trace' id='stack-trace1264701638'>
					<pre>org.openqa.selenium.NoSuchSessionException: Session ID is null. Using WebDriver after calling quit()?
Build info: version: &apos;3.141.59&apos;, revision: &apos;e82be7d358&apos;, time: &apos;2018-11-14T08:17:03&apos;
System info: host: &apos;DESKTOP-FDOBOJL&apos;, ip: &apos;9.195.200.174&apos;, os.name: &apos;Windows 10&apos;, os.arch: &apos;amd64&apos;, os.version: &apos;10.0&apos;, java.version: &apos;1.8.0_201&apos;
Driver info: driver.version: RemoteWebDriver
	at org.openqa.selenium.remote.HttpCommandExecutor.execute(HttpCommandExecutor.java:125)
	at org.openqa.selenium.remote.service.DriverCommandExecutor.execute(DriverCommandExecutor.java:83)
	at org.openqa.selenium.remote.RemoteWebDriver.execute(RemoteWebDriver.java:552)
	at org.openqa.selenium.remote.RemoteWebDriver.execute(RemoteWebDriver.java:609)
	at org.openqa.selenium.remote.RemoteWebDriver.getScreenshotAs(RemoteWebDriver.java:295)
	at com.testautomation.listener.ExtentReportListener.captureScreenShot(ExtentReportListener.java:73)
	at com.testautomation.listener.ExtentReportListener.testStepHandle(ExtentReportListener.java:49)
	at com.testautomation.stepdef.EDDIApplicationStepDef.verifyLogDescription(EDDIApplicationStepDef.java:149)
	at ?.Verify Log Description(./Feature/EDDIApplication.feature:9)
</pre>
				</div></td>
			<td>49</td>
			<td>com.testautomation.testrunner.TestRunner@1810399e</td>
		</tr>
	</table>
	<p>
</body>
</html>