<?xml version="1.0" encoding="UTF-8"?>
<!-- Generated by org.testng.reporters.JUnitReportReporter -->
<testsuite skipped="0" hostname="DESKTOP-FDOBOJL"
	name="com.testautomation.testrunner.TestRunner" tests="1" failures="0"
	timestamp="05 Jul 2019 09:20:44 GMT" time="49.868" errors="1">
	<testcase name="feature" time="49.868"
		classname="com.testautomation.testrunner.TestRunner">
		<error type="org.openqa.selenium.NoSuchSessionException"
			message="Session ID is null. Using WebDriver after calling quit()?
Build info: version: &#039;3.141.59&#039;, revision: &#039;e82be7d358&#039;, time: &#039;2018-11-14T08:17:03&#039;
System info: host: &#039;DESKTOP-FDOBOJL&#039;, ip: &#039;9.195.200.174&#039;, os.name: &#039;Windows 10&#039;, os.arch: &#039;amd64&#039;, os.version: &#039;10.0&#039;, java.version: &#039;1.8.0_201&#039;
Driver info: driver.version: RemoteWebDriver">
      <![CDATA[org.openqa.selenium.NoSuchSessionException: Session ID is null. Using WebDriver after calling quit()?
Build info: version: '3.141.59', revision: 'e82be7d358', time: '2018-11-14T08:17:03'
System info: host: 'DESKTOP-FDOBOJL', ip: '9.195.200.174', os.name: 'Windows 10', os.arch: 'amd64', os.version: '10.0', java.version: '1.8.0_201'
Driver info: driver.version: RemoteWebDriver
at org.openqa.selenium.remote.HttpCommandExecutor.execute(HttpCommandExecutor.java:125)
at org.openqa.selenium.remote.service.DriverCommandExecutor.execute(DriverCommandExecutor.java:83)
at org.openqa.selenium.remote.RemoteWebDriver.execute(RemoteWebDriver.java:552)
at org.openqa.selenium.remote.RemoteWebDriver.execute(RemoteWebDriver.java:609)
at org.openqa.selenium.remote.RemoteWebDriver.getScreenshotAs(RemoteWebDriver.java:295)
at com.testautomation.listener.ExtentReportListener.captureScreenShot(ExtentReportListener.java:73)
at com.testautomation.listener.ExtentReportListener.testStepHandle(ExtentReportListener.java:49)
at com.testautomation.stepdef.EDDIApplicationStepDef.verifyLogDescription(EDDIApplicationStepDef.java:149)
at âœ½.Verify Log Description(./Feature/EDDIApplication.feature:9)
]]>
		</error>
	</testcase> <!-- feature -->
</testsuite> <!-- com.testautomation.testrunner.TestRunner -->
